<?xml version="1.0" encoding="UTF-8"?>
<testng-results ignored="0" total="1" passed="1" failed="0" skipped="0">
  <reporter-output>
  </reporter-output>
  <suite started-at="2023-03-14T15:46:16 IST" name="Suite" finished-at="2023-03-14T15:46:32 IST" duration-ms="15954">
    <groups>
      <group name="cucumber">
        <method signature="AbstractTestNGCucumberTests.runScenario(io.cucumber.testng.PickleWrapper,io.cucumber.testng.FeatureWrapper)[pri:0, instance:runner.FacebookRunnerClass@25641d39]" name="runScenario" class="io.cucumber.testng.AbstractTestNGCucumberTests"/>
      </group> <!-- cucumber -->
    </groups>
    <test started-at="2023-03-14T15:46:16 IST" name="Test" finished-at="2023-03-14T15:46:32 IST" duration-ms="15954">
      <class name="runner.FacebookRunnerClass">
        <test-method is-config="true" signature="setUpClass(org.testng.ITestContext)[pri:0, instance:runner.FacebookRunnerClass@25641d39]" started-at="2023-03-14T15:46:16 IST" name="setUpClass" finished-at="2023-03-14T15:46:17 IST" duration-ms="747" status="PASS">
          <params>
            <param index="0">
              <value>
                <![CDATA[org.testng.TestRunner@72543547]]>
              </value>
            </param>
          </params>
          <reporter-output>
          </reporter-output>
        </test-method> <!-- setUpClass -->
        <test-method signature="runScenario(io.cucumber.testng.PickleWrapper,io.cucumber.testng.FeatureWrapper)[pri:0, instance:runner.FacebookRunnerClass@25641d39]" started-at="2023-03-14T15:46:17 IST" name="runScenario" description="Runs Cucumber Scenarios" data-provider="scenarios" finished-at="2023-03-14T15:46:32 IST" duration-ms="15142" status="PASS">
          <params>
            <param index="0">
              <value>
                <![CDATA["validate title"]]>
              </value>
            </param>
            <param index="1">
              <value>
                <![CDATA["facebook"]]>
              </value>
            </param>
          </params>
          <reporter-output>
          </reporter-output>
        </test-method> <!-- runScenario -->
        <test-method is-config="true" signature="tearDownClass()[pri:0, instance:runner.FacebookRunnerClass@25641d39]" started-at="2023-03-14T15:46:32 IST" name="tearDownClass" finished-at="2023-03-14T15:46:32 IST" duration-ms="33" status="PASS">
          <reporter-output>
          </reporter-output>
        </test-method> <!-- tearDownClass -->
      </class> <!-- runner.FacebookRunnerClass -->
    </test> <!-- Test -->
  </suite> <!-- Suite -->
</testng-results>
